<?xml version="1.0" encoding="UTF-8"?>
<!-- Generated by org.testng.reporters.JUnitReportReporter -->
<testsuite hostname="LAPTOP-TBLQK2KJ" failures="0" tests="1" name="root.scrolling.ScrollingDemo" time="7.756" errors="0" timestamp="2023-08-16T21:28:25 BDT" skipped="0">
  <testcase classname="root.scrolling.ScrollingDemo" name="scrollToBottomOfThePage" time="7.756"/>
</testsuite> <!-- root.scrolling.ScrollingDemo -->
