<?xml version="1.0" encoding="UTF-8"?>
<!-- Generated by org.testng.reporters.JUnitReportReporter -->
<testsuite hostname="LAPTOP-TBLQK2KJ" failures="0" tests="1" name="root.annotations.Annotations2" time="0.002" errors="0" timestamp="2023-08-09T22:27:57 BDT" skipped="0">
  <testcase classname="root.annotations.Annotations2" name="logIn" time="0.002"/>
</testsuite> <!-- root.annotations.Annotations2 -->
