<?xml version="1.0" encoding="UTF-8"?>
<!-- Generated by org.testng.reporters.JUnitReportReporter -->
<testsuite hostname="LAPTOP-TBLQK2KJ" failures="0" tests="4" name="root.selenium.Annotations" time="0.013" errors="0" timestamp="2023-08-09T20:10:58 BDT" skipped="0">
  <testcase classname="root.selenium.Annotations" name="logIn" time="0.009"/>
  <testcase classname="root.selenium.Annotations" name="signUp" time="0.001"/>
  <testcase classname="root.selenium.Annotations" name="logOut" time="0.001"/>
  <testcase classname="root.selenium.Annotations" name="signIn" time="0.002"/>
</testsuite> <!-- root.selenium.Annotations -->
