<?xml version="1.0" encoding="UTF-8"?>
<!-- Generated by org.testng.reporters.JUnitReportReporter -->
<testsuite hostname="LAPTOP-TBLQK2KJ" failures="0" tests="1" name="root.alert.AlertTest" time="19.560" errors="0" timestamp="2023-08-25T20:29:45 BDT" skipped="0">
  <testcase classname="root.alert.AlertTest" name="alertTest" time="19.560"/>
</testsuite> <!-- root.alert.AlertTest -->
