<?xml version="1.0" encoding="UTF-8"?>
<!-- Generated by org.testng.reporters.JUnitReportReporter -->
<testsuite hostname="LAPTOP-TBLQK2KJ" failures="0" tests="2" name="root.selenium.SeleniumIntro" time="19.213" errors="0" timestamp="2023-08-10T22:51:15 BDT" skipped="0">
  <testcase classname="root.selenium.SeleniumIntro" name="loginTest" time="8.888"/>
  <testcase classname="root.selenium.SeleniumIntro" name="test1" time="10.325"/>
</testsuite> <!-- root.selenium.SeleniumIntro -->
