<?xml version="1.0" encoding="UTF-8"?>
<!-- Generated by org.testng.reporters.JUnitReportReporter -->
<testsuite hostname="LAPTOP-TBLQK2KJ" failures="0" tests="2" name="root.AppTest" time="0.020" errors="0" timestamp="2023-07-29T17:31:29 BDT" skipped="1">
  <testcase classname="root.AppTest" name="signin" time="0.020"/>
  <testcase classname="root.AppTest" name="signin2">
    <skipped/>
  </testcase> <!-- signin2 -->
</testsuite> <!-- root.AppTest -->
