<?xml version="1.0" encoding="UTF-8"?>
<!-- Generated by org.testng.reporters.JUnitReportReporter -->
<testsuite hostname="LAPTOP-TBLQK2KJ" failures="0" tests="3" name="root.annotations.Annotations" time="0.008" errors="0" timestamp="2023-08-09T22:27:57 BDT" skipped="0">
  <testcase classname="root.annotations.Annotations" name="signUp" time="0.004"/>
  <testcase classname="root.annotations.Annotations" name="logOut" time="0.002"/>
  <testcase classname="root.annotations.Annotations" name="logIn" time="0.002"/>
</testsuite> <!-- root.annotations.Annotations -->
