<?xml version="1.0" encoding="UTF-8"?>
<!-- Generated by org.testng.reporters.JUnitReportReporter -->
<testsuite hostname="LAPTOP-TBLQK2KJ" failures="0" tests="1" name="root.screenshot.ScreenshotDemo" time="5.397" errors="0" timestamp="2023-08-16T23:14:49 BDT" skipped="0">
  <testcase classname="root.screenshot.ScreenshotDemo" name="screenShot" time="5.397"/>
</testsuite> <!-- root.screenshot.ScreenshotDemo -->
