<?xml version="1.0" encoding="UTF-8"?>
<!-- Generated by org.testng.reporters.JUnitReportReporter -->
<testsuite hostname="LAPTOP-TBLQK2KJ" failures="0" tests="1" name="root.demos.Demos" time="18.124" errors="0" timestamp="2023-08-25T17:08:13 BDT" skipped="0">
  <testcase classname="root.demos.Demos" name="alertTest" time="18.124"/>
</testsuite> <!-- root.demos.Demos -->
