<?xml version="1.0" encoding="UTF-8"?>
<!-- Generated by org.testng.reporters.JUnitReportReporter -->
<testsuite hostname="LAPTOP-TBLQK2KJ" failures="0" tests="1" name="root.dragndrop.DragNDropDemo" time="12.241" errors="0" timestamp="2023-08-25T20:34:55 BDT" skipped="0">
  <testcase classname="root.dragndrop.DragNDropDemo" name="dragNdrop" time="12.241"/>
</testsuite> <!-- root.dragndrop.DragNDropDemo -->
